<?xml version="1.0" encoding="UTF-8"?>
<testsuite xmlns:xsi="http://www.w3.org/2001/XMLSchema-instance" xsi:noNamespaceSchemaLocation="https://maven.apache.org/surefire/maven-surefire-plugin/xsd/surefire-test-report-3.0.xsd" version="3.0" name="com.spring_test_web.spring_test_web.SpringTestWebApplicationTests" time="2.729" tests="1" errors="0" skipped="0" failures="0">
  <properties>
[...]
</properties>
  <testcase name="contextLoads" classname="com.spring_test_web.spring_test_web.SpringTestWebApplicationTests" time="0.843">
    <system-out><![CDATA[22:28:34.083 [main] INFO org.springframework.test.context.support.AnnotationConfigContextLoaderUtils -- Could not detect default configuration classes for test class [com.spring_test_web.spring_test_web.SpringTestWebApplicationTests]: SpringTestWebApplicationTests does not declare any static, non-private, non-final, nested classes annotated with @Configuration.
22:28:34.199 [main] INFO org.springframework.boot.test.context.SpringBootTestContextBootstrapper -- Found @SpringBootConfiguration com.spring_test_web.spring_test_web.SpringTestWebApplication for test class com.spring_test_web.spring_test_web.SpringTestWebApplicationTests
22:28:34.390 [main] INFO org.springframework.boot.devtools.restart.RestartApplicationListener -- Restart disabled due to context in which it is running

  .   ____          _            __ _ _
 /\\ / ___'_ __ _ _(_)_ __  __ _ \ \ \ \
( ( )\___ | '_ | '_| | '_ \/ _` | \ \ \ \
 \\/  ___)| |_)| | | | | || (_| |  ) ) ) )
  '  |____| .__|_| |_|_| |_\__, | / / / /
 =========|_|==============|___/=/_/_/_/

 :: Spring Boot ::                (v3.3.3)

2024-09-02T22:28:34.705+05:00  INFO 23172 --- [spring-test-web] [           main] c.s.s.SpringTestWebApplicationTests      : Starting SpringTestWebApplicationTests using Java 21.0.3 with PID 23172 (started by dukenbay_49777 in C:\projects\java-learn\urziya-project\spring-test-web)
2024-09-02T22:28:34.706+05:00  INFO 23172 --- [spring-test-web] [           main] c.s.s.SpringTestWebApplicationTests      : No active profile set, falling back to 1 default profile: "default"
2024-09-02T22:28:35.770+05:00  INFO 23172 --- [spring-test-web] [           main] c.s.s.SpringTestWebApplicationTests      : Started SpringTestWebApplicationTests in 1.395 seconds (process running for 2.703)
]]></system-out>
    <system-err><![CDATA[WARNING: A Java agent has been loaded dynamically (C:\Users\dukenbay_49777\.m2\repository\net\bytebuddy\byte-buddy-agent\1.14.19\byte-buddy-agent-1.14.19.jar)
WARNING: If a serviceability tool is in use, please run with -XX:+EnableDynamicAgentLoading to hide this warning
WARNING: If a serviceability tool is not in use, please run with -Djdk.instrument.traceUsage for more information
WARNING: Dynamic loading of agents will be disallowed by default in a future release
]]></system-err>
  </testcase>
</testsuite>